<?xml version="1.0" encoding="UTF-8"?>
<!-- Generated by org.testng.reporters.JUnitReportReporter -->
<testsuite hostname="DESKTOP-LBD5C48" failures="0" tests="1" name="data.TestCase" time="9.172" errors="0" timestamp="2022-06-06T14:36:45 IST" skipped="0">
  <testcase classname="data.TestCase" name="test" time="9.172"/>
  <system-out/>
</testsuite> <!-- data.TestCase -->
